<?xml version="1.0" encoding="UTF-8"?>
<testsuite xmlns:xsi="http://www.w3.org/2001/XMLSchema-instance" xsi:noNamespaceSchemaLocation="https://maven.apache.org/surefire/maven-surefire-plugin/xsd/surefire-test-report.xsd" name="com.fqy.JwtTest" time="0.61" tests="2" errors="1" skipped="0" failures="0">
  <properties>
[...]
</properties>
  <testcase name="test" classname="com.fqy.JwtTest" time="0.523">
    <error message="The Token has expired on Sun May 09 12:36:50 CST 2021." type="com.auth0.jwt.exceptions.TokenExpiredException">com.auth0.jwt.exceptions.TokenExpiredException: The Token has expired on Sun May 09 12:36:50 CST 2021.
	at com.fqy.JwtTest.test(JwtTest.java:40)
</error>
  </testcase>
  <testcase name="contextLoads" classname="com.fqy.JwtTest" time="0.031"/>
</testsuite>